<?xml version="1.0" encoding="UTF-8"?>
<!-- Generated by org.testng.reporters.JUnitReportReporter -->
<testsuite skipped="0" hostname="DESKTOP-6340PUF" name="com.softwaretestingboard.magento.testsuit.WomenTest" tests="1" failures="0" timestamp="2023-05-09T22:09:28 BST" time="11.224" errors="0">
  <testcase name="verifyTheSortByProductNameFilter" time="11.224" classname="com.softwaretestingboard.magento.testsuit.WomenTest"/>
  <system-out>
    <![CDATA[mouse hover on Women[[ChromeDriver: chrome on WINDOWS (89e8e01a05fe1f7a13844dd17be43655)] -> xpath: //a[@id='ui-id-4']//span[contains(text(),'Women')]]
mouse hove on Top[[ChromeDriver: chrome on WINDOWS (89e8e01a05fe1f7a13844dd17be43655)] -> link text: Tops]
click on jackets[[ChromeDriver: chrome on WINDOWS (89e8e01a05fe1f7a13844dd17be43655)] -> link text: Jackets]
Click on continue button[[ChromeDriver: chrome on WINDOWS (89e8e01a05fe1f7a13844dd17be43655)] -> xpath: //div[2]//div[3]//select[1]]
after sort jacket list[[[ChromeDriver: chrome on WINDOWS (89e8e01a05fe1f7a13844dd17be43655)] -> xpath: //strong[@class='product name product-item-name']], [[ChromeDriver: chrome on WINDOWS (89e8e01a05fe1f7a13844dd17be43655)] -> xpath: //strong[@class='product name product-item-name']], [[ChromeDriver: chrome on WINDOWS (89e8e01a05fe1f7a13844dd17be43655)] -> xpath: //strong[@class='product name product-item-name']], [[ChromeDriver: chrome on WINDOWS (89e8e01a05fe1f7a13844dd17be43655)] -> xpath: //strong[@class='product name product-item-name']], [[ChromeDriver: chrome on WINDOWS (89e8e01a05fe1f7a13844dd17be43655)] -> xpath: //strong[@class='product name product-item-name']], [[ChromeDriver: chrome on WINDOWS (89e8e01a05fe1f7a13844dd17be43655)] -> xpath: //strong[@class='product name product-item-name']], [[ChromeDriver: chrome on WINDOWS (89e8e01a05fe1f7a13844dd17be43655)] -> xpath: //strong[@class='product name product-item-name']], [[ChromeDriver: chrome on WINDOWS (89e8e01a05fe1f7a13844dd17be43655)] -> xpath: //strong[@class='product name product-item-name']], [[ChromeDriver: chrome on WINDOWS (89e8e01a05fe1f7a13844dd17be43655)] -> xpath: //strong[@class='product name product-item-name']], [[ChromeDriver: chrome on WINDOWS (89e8e01a05fe1f7a13844dd17be43655)] -> xpath: //strong[@class='product name product-item-name']], [[ChromeDriver: chrome on WINDOWS (89e8e01a05fe1f7a13844dd17be43655)] -> xpath: //strong[@class='product name product-item-name']], [[ChromeDriver: chrome on WINDOWS (89e8e01a05fe1f7a13844dd17be43655)] -> xpath: //strong[@class='product name product-item-name']]]
get product name and store in array list[[[ChromeDriver: chrome on WINDOWS (89e8e01a05fe1f7a13844dd17be43655)] -> xpath: //strong[@class='product name product-item-name']], [[ChromeDriver: chrome on WINDOWS (89e8e01a05fe1f7a13844dd17be43655)] -> xpath: //strong[@class='product name product-item-name']], [[ChromeDriver: chrome on WINDOWS (89e8e01a05fe1f7a13844dd17be43655)] -> xpath: //strong[@class='product name product-item-name']], [[ChromeDriver: chrome on WINDOWS (89e8e01a05fe1f7a13844dd17be43655)] -> xpath: //strong[@class='product name product-item-name']], [[ChromeDriver: chrome on WINDOWS (89e8e01a05fe1f7a13844dd17be43655)] -> xpath: //strong[@class='product name product-item-name']], [[ChromeDriver: chrome on WINDOWS (89e8e01a05fe1f7a13844dd17be43655)] -> xpath: //strong[@class='product name product-item-name']], [[ChromeDriver: chrome on WINDOWS (89e8e01a05fe1f7a13844dd17be43655)] -> xpath: //strong[@class='product name product-item-name']], [[ChromeDriver: chrome on WINDOWS (89e8e01a05fe1f7a13844dd17be43655)] -> xpath: //strong[@class='product name product-item-name']], [[ChromeDriver: chrome on WINDOWS (89e8e01a05fe1f7a13844dd17be43655)] -> xpath: //strong[@class='product name product-item-name']], [[ChromeDriver: chrome on WINDOWS (89e8e01a05fe1f7a13844dd17be43655)] -> xpath: //strong[@class='product name product-item-name']], [[ChromeDriver: chrome on WINDOWS (89e8e01a05fe1f7a13844dd17be43655)] -> xpath: //strong[@class='product name product-item-name']], [[ChromeDriver: chrome on WINDOWS (89e8e01a05fe1f7a13844dd17be43655)] -> xpath: //strong[@class='product name product-item-name']]]]]>
  </system-out>
</testsuite> <!-- com.softwaretestingboard.magento.testsuit.WomenTest -->
