<?xml version="1.0" encoding="UTF-8"?>
<!-- Generated by org.testng.reporters.JUnitReportReporter -->
<testsuite skipped="0" hostname="DESKTOP-6340PUF" name="com.softwaretestingboard.magento.testsuit.MenTest" tests="1" failures="0" timestamp="2023-05-09T22:09:28 BST" time="13.126" errors="0">
  <testcase name="userShouldAddProductSuccessFullyToShoppingCart" time="13.126" classname="com.softwaretestingboard.magento.testsuit.MenTest"/>
  <system-out>
    <![CDATA[Mouse hover on men menu[[ChromeDriver: chrome on WINDOWS (a1f2d313f10934691b736f82da7450f3)] -> xpath: //a[@id='ui-id-5']//span[contains(text(),'Men')]]
Mouse hover on bottoms[[ChromeDriver: chrome on WINDOWS (a1f2d313f10934691b736f82da7450f3)] -> xpath: //a[@id='ui-id-18']//span[@class='ui-menu-icon ui-icon ui-icon-carat-1-e']]
Click on Pants[[ChromeDriver: chrome on WINDOWS (a1f2d313f10934691b736f82da7450f3)] -> xpath: //a[@id='ui-id-23']//span[contains(text(),'Pants')]]
Sort by product name[[ChromeDriver: chrome on WINDOWS (a1f2d313f10934691b736f82da7450f3)] -> xpath: //select[@id='sorter']]
Click on Cronus size 32[[ChromeDriver: chrome on WINDOWS (a1f2d313f10934691b736f82da7450f3)] -> xpath: //div[@class='swatch-opt-880']//div[@id='option-label-size-143-item-175']]
Click on Cronus black color[[ChromeDriver: chrome on WINDOWS (a1f2d313f10934691b736f82da7450f3)] -> xpath: //div[@class='swatch-opt-880']//div[@id='option-label-color-93-item-49']]
Click on Cronus yoga pant and add to cart[[ChromeDriver: chrome on WINDOWS (a1f2d313f10934691b736f82da7450f3)] -> xpath: //div[@data-product-id='880']]
Get success message[[ChromeDriver: chrome on WINDOWS (a1f2d313f10934691b736f82da7450f3)] -> xpath: //div[@class='message-success success message']]
Click on shopping cart[[ChromeDriver: chrome on WINDOWS (a1f2d313f10934691b736f82da7450f3)] -> xpath: //div[@class='page messages']//a[contains(text(),'shopping cart')]]
Get shopping cart text[[ChromeDriver: chrome on WINDOWS (a1f2d313f10934691b736f82da7450f3)] -> xpath: //main[@id='maincontent']//h1]
Get product name[[ChromeDriver: chrome on WINDOWS (a1f2d313f10934691b736f82da7450f3)] -> xpath: //td[@class='col item']//a[normalize-space()='Cronus Yoga Pant']]
Get product size[[ChromeDriver: chrome on WINDOWS (a1f2d313f10934691b736f82da7450f3)] -> xpath: //dd[contains(text(),'32')]]
Get product color[[ChromeDriver: chrome on WINDOWS (a1f2d313f10934691b736f82da7450f3)] -> xpath: //dd[contains(text(),'Black')]]]]>
  </system-out>
</testsuite> <!-- com.softwaretestingboard.magento.testsuit.MenTest -->
